# Colours: 
RGB-0: [204, 171, 137, ] --> 778
RGB-1: [170, 41, 29, ] --> 269
RGB-2: [36, 23, 18, ] --> 305
RGB-3: [207, 218, 225, ] --> 338
RGB-4: [204, 132, 105, ] --> 734
RGB-5: [213, 197, 169, ] --> 893
RGB-6: [183, 91, 70, ] --> 547
RGB-7: [109, 68, 52, ] --> 232


2, 1, 1, 1, 1, 1, 1, 1, 1, 1, 1, 1, 1, 1, 1, 1, 1, 1, 1, 1, 1, 1, 1, 6, 6, 4, 0, 0, 5, 5, 5, 0, 5, 5, 5, 5, 5, 5, 0, 0, 4, 4, 6, 6, 1, 1, 1, 1, 1, 1, 1, 1, 1, 1, 1, 1, 1, 1, 1, 1, 1, 1, 1, 1, 
1, 1, 1, 1, 1, 1, 1, 1, 1, 1, 1, 1, 1, 1, 1, 1, 1, 1, 1, 1, 1, 6, 4, 0, 5, 5, 5, 5, 5, 5, 5, 0, 0, 5, 5, 5, 5, 0, 0, 0, 5, 5, 5, 0, 0, 6, 6, 1, 1, 1, 1, 1, 1, 1, 1, 1, 1, 1, 1, 1, 1, 1, 1, 1, 
1, 1, 1, 1, 1, 1, 1, 1, 1, 1, 1, 1, 1, 1, 1, 1, 1, 1, 1, 6, 4, 0, 5, 5, 5, 5, 5, 5, 0, 0, 0, 4, 4, 0, 0, 5, 5, 5, 5, 5, 5, 5, 5, 5, 5, 5, 0, 4, 6, 6, 1, 1, 1, 1, 1, 1, 1, 1, 1, 1, 1, 1, 1, 1, 
1, 1, 1, 1, 1, 1, 1, 1, 1, 1, 1, 1, 1, 1, 1, 1, 1, 1, 1, 4, 0, 5, 5, 5, 5, 5, 5, 0, 4, 4, 4, 4, 4, 0, 0, 0, 5, 5, 5, 0, 0, 4, 0, 0, 5, 5, 5, 5, 0, 4, 6, 1, 6, 1, 1, 1, 1, 1, 1, 1, 1, 1, 1, 1, 
1, 1, 1, 1, 1, 1, 1, 1, 1, 1, 1, 1, 1, 1, 1, 1, 1, 6, 6, 0, 5, 5, 5, 5, 5, 0, 0, 0, 4, 4, 6, 6, 4, 0, 0, 0, 0, 0, 4, 6, 6, 6, 6, 4, 0, 5, 5, 5, 5, 0, 4, 6, 6, 6, 6, 1, 1, 1, 1, 1, 1, 1, 1, 1, 
1, 1, 1, 1, 1, 1, 1, 1, 1, 1, 1, 1, 1, 1, 1, 1, 6, 6, 4, 5, 5, 5, 5, 5, 5, 0, 0, 5, 0, 0, 4, 0, 0, 0, 4, 4, 4, 6, 7, 7, 6, 6, 6, 6, 4, 0, 0, 5, 5, 5, 0, 4, 6, 6, 6, 6, 6, 6, 6, 6, 6, 1, 1, 1, 
1, 1, 1, 1, 1, 1, 1, 1, 1, 1, 1, 1, 1, 1, 1, 6, 4, 4, 4, 5, 5, 5, 0, 5, 5, 5, 5, 5, 5, 5, 0, 5, 5, 5, 0, 0, 4, 6, 7, 7, 6, 6, 6, 6, 6, 6, 6, 4, 0, 5, 5, 0, 0, 4, 6, 6, 6, 6, 6, 6, 6, 6, 6, 1, 
1, 1, 1, 1, 1, 1, 1, 6, 6, 4, 4, 4, 4, 6, 6, 6, 4, 0, 0, 5, 5, 5, 5, 0, 0, 3, 3, 5, 5, 5, 5, 5, 5, 5, 5, 5, 0, 4, 6, 7, 6, 6, 6, 6, 6, 6, 4, 0, 4, 0, 5, 5, 5, 5, 5, 0, 4, 6, 6, 6, 6, 6, 6, 1, 
1, 1, 1, 1, 1, 1, 6, 4, 0, 5, 5, 5, 3, 5, 5, 0, 0, 0, 5, 5, 5, 5, 5, 5, 0, 5, 5, 5, 5, 5, 5, 5, 5, 5, 5, 5, 5, 0, 4, 6, 6, 6, 6, 6, 7, 7, 6, 0, 5, 5, 5, 5, 5, 5, 0, 4, 6, 6, 6, 6, 6, 6, 6, 1, 
1, 1, 1, 1, 6, 6, 4, 0, 0, 0, 5, 5, 5, 3, 5, 3, 5, 5, 5, 5, 0, 0, 5, 5, 0, 0, 0, 5, 5, 5, 5, 5, 0, 5, 5, 5, 5, 0, 4, 0, 4, 4, 4, 6, 7, 7, 6, 0, 5, 5, 5, 0, 0, 0, 0, 4, 6, 6, 4, 6, 6, 6, 6, 1, 
1, 1, 1, 1, 6, 4, 0, 5, 5, 5, 5, 5, 5, 5, 5, 3, 5, 3, 3, 5, 6, 7, 6, 4, 0, 0, 0, 0, 0, 4, 0, 0, 4, 0, 0, 0, 0, 0, 0, 0, 0, 0, 4, 6, 6, 7, 6, 0, 5, 5, 0, 4, 4, 6, 6, 6, 6, 4, 4, 6, 6, 6, 6, 6, 
1, 1, 1, 6, 0, 0, 5, 5, 5, 5, 5, 5, 5, 5, 3, 3, 3, 5, 5, 5, 4, 4, 4, 4, 0, 0, 0, 0, 0, 0, 0, 0, 0, 0, 5, 5, 5, 5, 5, 5, 5, 5, 0, 4, 6, 6, 0, 5, 5, 0, 0, 0, 4, 4, 6, 6, 6, 4, 0, 4, 4, 6, 6, 6, 
1, 1, 6, 0, 0, 5, 5, 5, 5, 5, 0, 5, 5, 5, 5, 5, 5, 5, 5, 0, 0, 4, 0, 0, 0, 0, 0, 5, 5, 5, 5, 5, 5, 5, 5, 5, 5, 5, 5, 5, 5, 5, 5, 0, 4, 4, 0, 5, 0, 4, 0, 5, 5, 5, 4, 6, 6, 4, 5, 0, 4, 6, 6, 6, 
1, 1, 6, 5, 0, 5, 5, 0, 0, 5, 5, 5, 5, 5, 0, 5, 0, 0, 0, 4, 4, 4, 0, 0, 0, 5, 5, 5, 5, 5, 5, 5, 5, 5, 5, 5, 5, 5, 5, 5, 5, 5, 5, 0, 4, 0, 0, 4, 4, 4, 0, 0, 0, 0, 6, 7, 6, 4, 5, 5, 4, 6, 6, 6, 
1, 6, 4, 5, 0, 5, 5, 0, 0, 0, 5, 0, 0, 0, 5, 5, 0, 0, 4, 4, 4, 0, 0, 0, 5, 5, 5, 5, 5, 5, 5, 5, 5, 5, 5, 5, 5, 5, 5, 5, 5, 5, 0, 4, 6, 6, 6, 6, 4, 4, 4, 4, 4, 6, 6, 6, 4, 0, 5, 5, 4, 6, 6, 6, 
1, 6, 4, 5, 5, 5, 5, 5, 5, 5, 0, 0, 4, 0, 0, 0, 0, 4, 6, 4, 4, 0, 0, 0, 0, 5, 5, 5, 5, 5, 5, 5, 5, 5, 5, 5, 3, 3, 5, 5, 5, 5, 4, 6, 6, 6, 6, 6, 6, 6, 6, 6, 4, 4, 4, 4, 0, 0, 0, 0, 4, 6, 6, 6, 
1, 6, 6, 0, 5, 0, 5, 0, 0, 0, 0, 0, 5, 0, 4, 4, 4, 6, 6, 4, 4, 0, 0, 0, 0, 5, 5, 5, 5, 5, 5, 5, 5, 5, 5, 5, 3, 3, 5, 5, 5, 5, 5, 0, 4, 4, 4, 0, 0, 4, 4, 0, 0, 4, 4, 4, 0, 4, 4, 4, 4, 4, 6, 6, 
1, 6, 6, 0, 5, 0, 0, 0, 0, 0, 0, 0, 0, 0, 6, 6, 6, 6, 4, 4, 4, 0, 0, 0, 5, 5, 5, 5, 5, 3, 3, 3, 3, 3, 3, 3, 3, 3, 3, 3, 5, 5, 5, 5, 5, 0, 0, 0, 5, 5, 5, 0, 0, 4, 4, 4, 0, 0, 4, 4, 4, 4, 4, 6, 
6, 6, 4, 0, 5, 0, 0, 0, 0, 0, 0, 4, 6, 6, 6, 6, 6, 4, 4, 6, 6, 4, 4, 0, 0, 5, 5, 5, 3, 3, 3, 3, 3, 3, 3, 3, 3, 3, 3, 5, 5, 5, 5, 5, 5, 5, 0, 4, 4, 4, 4, 0, 0, 0, 4, 0, 0, 5, 0, 4, 0, 0, 4, 4, 
6, 4, 0, 0, 0, 0, 0, 0, 0, 5, 0, 6, 6, 6, 7, 7, 6, 7, 7, 7, 7, 7, 7, 7, 6, 4, 5, 5, 5, 5, 5, 3, 3, 5, 5, 0, 0, 4, 4, 4, 4, 4, 4, 4, 5, 5, 0, 0, 0, 4, 4, 4, 4, 4, 0, 0, 0, 5, 0, 4, 4, 0, 0, 4, 
6, 0, 0, 0, 0, 0, 0, 0, 5, 0, 4, 6, 7, 7, 7, 7, 7, 6, 4, 4, 4, 4, 4, 6, 1, 6, 4, 0, 5, 5, 5, 3, 5, 5, 0, 4, 4, 4, 4, 0, 0, 5, 0, 4, 4, 0, 0, 0, 0, 4, 4, 4, 0, 5, 5, 5, 0, 0, 0, 4, 0, 0, 5, 0, 
6, 5, 0, 0, 0, 0, 0, 0, 0, 0, 4, 6, 6, 7, 7, 7, 0, 6, 6, 6, 4, 0, 0, 0, 4, 6, 6, 4, 0, 5, 5, 3, 5, 5, 0, 0, 0, 0, 5, 5, 5, 5, 5, 5, 0, 6, 4, 4, 4, 4, 6, 4, 4, 0, 5, 5, 0, 0, 0, 4, 4, 5, 5, 0, 
6, 0, 0, 0, 0, 0, 0, 0, 0, 0, 4, 6, 6, 7, 7, 6, 4, 7, 1, 6, 4, 0, 5, 3, 5, 5, 6, 6, 4, 5, 3, 3, 5, 5, 0, 5, 5, 5, 5, 3, 3, 5, 0, 0, 0, 4, 4, 4, 4, 4, 6, 6, 4, 0, 0, 0, 5, 5, 0, 4, 0, 5, 0, 4, 
6, 0, 5, 0, 0, 0, 0, 0, 0, 0, 4, 6, 6, 7, 7, 6, 6, 7, 7, 7, 7, 7, 7, 7, 4, 0, 0, 6, 4, 5, 5, 5, 5, 5, 5, 0, 4, 4, 6, 4, 0, 0, 0, 4, 4, 4, 4, 4, 4, 4, 6, 6, 4, 4, 0, 0, 0, 5, 5, 4, 4, 4, 4, 4, 
6, 0, 0, 0, 0, 5, 5, 0, 4, 4, 4, 6, 6, 7, 7, 4, 6, 7, 2, 7, 7, 7, 6, 0, 5, 0, 0, 6, 4, 5, 5, 5, 5, 5, 5, 5, 0, 4, 7, 7, 7, 7, 7, 7, 6, 4, 4, 4, 4, 4, 6, 6, 6, 4, 4, 4, 6, 4, 0, 6, 4, 4, 4, 4, 
6, 4, 0, 4, 0, 5, 0, 0, 4, 4, 6, 6, 6, 7, 4, 4, 4, 4, 0, 0, 0, 0, 5, 5, 5, 0, 4, 4, 0, 5, 5, 5, 5, 5, 5, 3, 3, 5, 5, 5, 0, 0, 4, 4, 0, 0, 0, 0, 4, 4, 6, 4, 4, 4, 4, 6, 7, 6, 4, 6, 6, 4, 4, 6, 
6, 6, 4, 4, 0, 5, 0, 5, 0, 4, 6, 6, 6, 6, 5, 0, 0, 0, 5, 5, 5, 5, 5, 5, 5, 0, 4, 0, 5, 5, 5, 5, 5, 5, 5, 5, 3, 3, 3, 5, 5, 5, 5, 5, 5, 5, 5, 0, 0, 4, 4, 4, 0, 0, 4, 6, 7, 6, 6, 6, 4, 4, 4, 4, 
6, 6, 6, 4, 4, 0, 0, 5, 0, 4, 6, 6, 6, 6, 5, 5, 0, 0, 0, 5, 5, 5, 5, 5, 5, 4, 0, 0, 5, 3, 5, 0, 0, 5, 5, 5, 5, 5, 5, 5, 5, 3, 5, 5, 5, 5, 5, 0, 0, 4, 4, 0, 0, 4, 1, 7, 6, 6, 6, 4, 4, 4, 4, 4, 
6, 6, 6, 6, 4, 0, 0, 0, 0, 0, 6, 6, 6, 6, 0, 5, 0, 0, 0, 5, 5, 5, 5, 5, 4, 6, 7, 6, 4, 0, 4, 4, 0, 5, 5, 5, 5, 5, 3, 3, 3, 5, 5, 5, 5, 5, 5, 0, 4, 4, 4, 0, 0, 4, 6, 1, 6, 4, 6, 4, 4, 4, 4, 4, 
6, 6, 6, 6, 4, 0, 0, 4, 0, 0, 4, 1, 7, 7, 4, 5, 5, 4, 0, 5, 5, 5, 5, 0, 7, 7, 2, 2, 7, 1, 6, 7, 6, 4, 0, 5, 5, 3, 3, 3, 3, 5, 5, 5, 5, 0, 0, 4, 4, 4, 6, 0, 5, 0, 4, 6, 6, 6, 6, 4, 4, 4, 4, 4, 
1, 6, 6, 6, 4, 0, 4, 4, 6, 6, 6, 7, 7, 7, 6, 0, 0, 4, 4, 0, 5, 5, 5, 0, 6, 6, 7, 6, 4, 0, 5, 5, 0, 5, 5, 5, 5, 5, 3, 3, 5, 5, 5, 0, 0, 4, 4, 6, 6, 4, 4, 4, 5, 5, 5, 0, 4, 6, 6, 6, 4, 4, 4, 4, 
1, 6, 6, 6, 4, 0, 0, 4, 6, 6, 7, 7, 7, 7, 6, 4, 6, 6, 4, 4, 0, 0, 0, 4, 0, 0, 0, 5, 5, 5, 5, 5, 5, 5, 5, 5, 5, 5, 5, 5, 5, 5, 0, 4, 4, 4, 6, 6, 4, 0, 5, 0, 0, 5, 5, 5, 4, 6, 6, 6, 6, 6, 4, 4, 
1, 6, 6, 6, 6, 6, 4, 6, 6, 6, 1, 2, 2, 2, 6, 6, 6, 6, 6, 4, 0, 4, 6, 6, 6, 1, 1, 6, 6, 6, 4, 0, 4, 0, 5, 5, 5, 5, 5, 5, 5, 0, 0, 4, 4, 6, 6, 6, 4, 5, 5, 4, 0, 0, 5, 5, 0, 4, 4, 6, 6, 4, 4, 4, 
6, 6, 6, 6, 6, 6, 4, 6, 1, 7, 7, 2, 2, 2, 6, 6, 6, 6, 6, 4, 4, 4, 7, 7, 7, 7, 6, 6, 4, 4, 4, 6, 6, 1, 6, 0, 5, 5, 5, 5, 0, 0, 4, 4, 4, 6, 6, 4, 0, 5, 0, 4, 4, 0, 0, 0, 4, 6, 4, 4, 4, 4, 4, 4, 
6, 6, 6, 6, 6, 6, 4, 6, 1, 6, 2, 2, 2, 2, 7, 4, 6, 6, 6, 4, 0, 4, 1, 2, 7, 7, 0, 5, 5, 5, 5, 5, 4, 7, 7, 1, 0, 0, 5, 5, 0, 0, 4, 4, 4, 6, 6, 4, 4, 4, 4, 6, 6, 6, 6, 6, 7, 6, 4, 4, 4, 4, 4, 4, 
1, 6, 6, 6, 6, 6, 6, 6, 6, 6, 7, 2, 2, 2, 7, 4, 6, 6, 4, 4, 0, 0, 4, 1, 1, 1, 6, 4, 5, 5, 0, 0, 0, 4, 7, 6, 5, 5, 5, 5, 0, 0, 4, 4, 4, 6, 6, 7, 2, 7, 6, 7, 7, 7, 7, 7, 7, 6, 4, 4, 4, 4, 4, 4, 
1, 6, 6, 6, 6, 6, 6, 6, 6, 6, 6, 7, 2, 2, 2, 6, 4, 6, 4, 4, 4, 4, 4, 6, 1, 1, 1, 6, 4, 4, 0, 4, 6, 6, 4, 5, 5, 5, 5, 5, 0, 0, 4, 4, 4, 6, 7, 7, 2, 2, 2, 7, 7, 7, 7, 7, 7, 7, 6, 4, 4, 4, 4, 4, 
1, 6, 6, 6, 6, 6, 6, 6, 6, 6, 6, 6, 7, 2, 2, 7, 4, 6, 6, 6, 4, 4, 4, 4, 4, 6, 6, 6, 6, 6, 6, 6, 4, 0, 5, 5, 5, 5, 5, 5, 0, 0, 4, 4, 6, 7, 2, 2, 7, 7, 2, 2, 7, 7, 7, 6, 6, 7, 6, 4, 4, 4, 4, 4, 
6, 6, 6, 6, 6, 6, 6, 6, 6, 6, 6, 4, 4, 7, 7, 6, 6, 6, 6, 6, 4, 4, 4, 0, 0, 0, 0, 0, 0, 0, 0, 5, 5, 5, 5, 5, 5, 5, 5, 0, 0, 4, 4, 6, 7, 2, 2, 7, 7, 2, 2, 2, 7, 6, 4, 6, 6, 7, 1, 4, 4, 4, 4, 4, 
3, 5, 0, 0, 4, 6, 6, 6, 6, 6, 6, 7, 7, 7, 6, 6, 7, 7, 6, 6, 6, 4, 0, 0, 0, 0, 5, 5, 5, 3, 3, 5, 5, 5, 5, 5, 5, 5, 0, 0, 0, 4, 7, 6, 7, 2, 2, 2, 7, 2, 2, 7, 4, 4, 4, 4, 6, 6, 4, 4, 4, 4, 4, 4, 
3, 3, 3, 3, 5, 4, 7, 7, 7, 7, 7, 7, 7, 7, 7, 7, 2, 2, 7, 7, 7, 6, 4, 0, 0, 5, 5, 5, 5, 3, 3, 3, 5, 5, 5, 5, 5, 0, 0, 4, 6, 7, 6, 0, 7, 2, 2, 2, 7, 6, 6, 6, 6, 6, 6, 6, 1, 6, 4, 4, 4, 4, 4, 4, 
3, 3, 3, 3, 3, 5, 3, 3, 0, 7, 7, 7, 7, 2, 2, 2, 2, 2, 2, 2, 7, 7, 7, 6, 4, 0, 5, 5, 5, 5, 5, 5, 5, 5, 5, 0, 4, 4, 7, 7, 7, 4, 0, 4, 7, 2, 7, 6, 7, 6, 4, 6, 6, 4, 4, 6, 6, 6, 4, 4, 4, 4, 4, 4, 
5, 3, 3, 3, 3, 3, 0, 7, 2, 2, 2, 2, 2, 2, 2, 2, 2, 2, 2, 2, 2, 2, 7, 7, 7, 7, 6, 6, 6, 4, 4, 4, 4, 4, 6, 7, 7, 2, 7, 7, 0, 0, 0, 6, 7, 7, 4, 0, 4, 6, 4, 4, 6, 6, 6, 7, 1, 4, 4, 4, 4, 4, 4, 4, 
4, 3, 5, 7, 7, 2, 2, 2, 2, 2, 2, 2, 2, 2, 2, 2, 2, 2, 2, 2, 2, 2, 2, 2, 2, 2, 2, 2, 7, 7, 7, 7, 7, 2, 2, 2, 2, 7, 4, 0, 5, 0, 0, 0, 0, 5, 3, 5, 5, 0, 6, 6, 6, 7, 7, 7, 6, 4, 4, 4, 4, 4, 4, 4, 
7, 2, 2, 2, 2, 2, 2, 2, 2, 2, 2, 2, 2, 2, 2, 2, 2, 2, 2, 2, 2, 2, 2, 2, 2, 2, 2, 2, 2, 2, 2, 2, 2, 2, 2, 7, 4, 0, 5, 5, 5, 0, 5, 3, 3, 3, 3, 3, 3, 0, 6, 4, 6, 6, 6, 6, 6, 4, 4, 4, 4, 4, 4, 4, 
2, 2, 2, 2, 2, 2, 2, 2, 2, 2, 2, 2, 2, 2, 2, 2, 2, 2, 2, 2, 2, 2, 2, 2, 2, 2, 2, 2, 2, 2, 2, 2, 2, 7, 6, 0, 5, 5, 5, 5, 0, 0, 3, 3, 3, 3, 3, 3, 3, 3, 0, 4, 4, 6, 6, 6, 4, 4, 4, 4, 4, 4, 4, 4, 
2, 2, 2, 2, 2, 2, 2, 2, 2, 2, 2, 7, 2, 2, 2, 2, 2, 2, 2, 2, 2, 2, 2, 2, 2, 2, 2, 2, 2, 2, 2, 7, 6, 4, 0, 5, 5, 5, 5, 5, 0, 5, 3, 3, 3, 3, 3, 3, 3, 3, 3, 5, 4, 4, 4, 4, 4, 4, 4, 4, 4, 4, 4, 4, 
2, 2, 2, 2, 2, 2, 2, 2, 2, 2, 6, 4, 6, 7, 2, 2, 2, 2, 2, 2, 2, 2, 2, 2, 2, 2, 2, 2, 7, 7, 7, 6, 0, 0, 0, 5, 5, 5, 5, 0, 0, 3, 3, 3, 3, 3, 3, 3, 3, 3, 3, 3, 0, 4, 4, 4, 4, 4, 4, 4, 4, 4, 4, 4, 
2, 2, 2, 2, 2, 2, 2, 2, 2, 4, 0, 4, 4, 6, 7, 2, 2, 2, 2, 2, 2, 2, 2, 2, 2, 7, 7, 7, 7, 6, 4, 0, 0, 0, 5, 5, 5, 0, 0, 0, 5, 3, 3, 3, 3, 3, 3, 3, 3, 3, 3, 3, 5, 4, 4, 4, 4, 4, 4, 4, 4, 4, 4, 4, 
2, 2, 2, 2, 2, 2, 2, 7, 0, 0, 0, 0, 4, 4, 7, 7, 7, 2, 2, 2, 2, 2, 7, 7, 7, 7, 7, 6, 4, 0, 0, 0, 0, 0, 0, 5, 0, 0, 0, 4, 5, 3, 3, 3, 3, 3, 3, 3, 3, 3, 3, 3, 0, 4, 4, 4, 4, 4, 4, 4, 4, 4, 4, 4, 
2, 2, 2, 2, 2, 2, 7, 0, 0, 0, 0, 0, 0, 4, 4, 6, 7, 7, 7, 7, 7, 7, 7, 7, 7, 6, 6, 4, 0, 0, 0, 0, 0, 0, 0, 0, 0, 0, 4, 0, 3, 3, 3, 3, 3, 3, 3, 3, 3, 3, 3, 0, 4, 4, 4, 4, 4, 4, 4, 4, 4, 4, 4, 4, 
2, 2, 2, 2, 2, 7, 0, 0, 0, 0, 0, 0, 0, 0, 0, 4, 4, 4, 6, 6, 7, 7, 6, 6, 6, 4, 4, 0, 0, 0, 0, 0, 0, 0, 0, 0, 0, 6, 0, 3, 3, 3, 3, 3, 3, 3, 3, 3, 3, 3, 0, 4, 4, 4, 4, 4, 4, 4, 4, 4, 4, 4, 4, 4, 
2, 2, 2, 2, 7, 0, 5, 0, 0, 0, 0, 0, 0, 0, 0, 0, 0, 0, 0, 4, 4, 4, 4, 4, 4, 0, 0, 0, 0, 0, 0, 0, 0, 0, 0, 0, 4, 4, 3, 3, 3, 3, 3, 3, 3, 3, 3, 3, 3, 3, 0, 4, 4, 4, 4, 4, 4, 4, 4, 4, 4, 4, 4, 6, 
2, 2, 2, 7, 0, 5, 5, 5, 5, 0, 0, 0, 0, 0, 0, 0, 0, 0, 0, 0, 0, 0, 0, 0, 0, 0, 0, 0, 0, 0, 0, 5, 5, 5, 5, 0, 0, 3, 3, 3, 3, 3, 3, 3, 3, 3, 3, 3, 3, 3, 0, 4, 4, 4, 4, 4, 4, 4, 4, 4, 4, 4, 4, 6, 
2, 2, 2, 0, 0, 5, 5, 0, 0, 0, 0, 0, 5, 5, 5, 5, 5, 5, 5, 5, 5, 0, 0, 0, 0, 5, 5, 5, 5, 5, 5, 5, 5, 5, 5, 5, 3, 3, 3, 3, 3, 3, 3, 3, 3, 3, 3, 3, 3, 3, 0, 4, 4, 4, 4, 4, 4, 4, 4, 4, 4, 4, 4, 6, 
2, 2, 4, 0, 0, 0, 5, 0, 0, 0, 0, 5, 5, 5, 5, 5, 5, 5, 5, 5, 5, 5, 5, 5, 5, 5, 5, 5, 5, 5, 5, 5, 5, 5, 5, 0, 3, 3, 3, 3, 3, 3, 3, 3, 3, 3, 3, 3, 3, 3, 5, 0, 0, 4, 4, 4, 4, 4, 4, 4, 4, 4, 4, 6, 
2, 7, 0, 0, 0, 0, 0, 0, 0, 0, 0, 5, 5, 5, 5, 5, 5, 5, 5, 5, 5, 5, 5, 5, 5, 5, 5, 5, 5, 5, 5, 5, 5, 5, 7, 7, 3, 3, 3, 3, 3, 3, 3, 3, 3, 3, 3, 3, 3, 3, 3, 3, 5, 5, 0, 4, 4, 4, 4, 4, 4, 4, 4, 6, 
2, 4, 0, 0, 0, 0, 0, 0, 0, 0, 0, 5, 5, 5, 5, 5, 5, 5, 5, 5, 5, 5, 5, 5, 5, 5, 5, 5, 5, 5, 5, 5, 5, 4, 2, 2, 0, 3, 3, 3, 3, 3, 3, 3, 3, 3, 3, 3, 3, 3, 3, 3, 3, 5, 5, 5, 0, 4, 4, 4, 4, 4, 4, 6, 
4, 0, 0, 0, 0, 0, 0, 0, 0, 0, 0, 5, 5, 5, 5, 5, 5, 5, 5, 5, 5, 5, 5, 5, 5, 5, 5, 5, 5, 5, 5, 0, 0, 7, 2, 2, 7, 3, 3, 3, 3, 3, 3, 3, 3, 3, 3, 3, 3, 3, 3, 3, 3, 3, 5, 5, 5, 5, 0, 4, 4, 4, 4, 6, 
4, 0, 0, 0, 0, 0, 0, 0, 0, 0, 0, 5, 5, 5, 5, 5, 5, 5, 5, 5, 5, 5, 5, 5, 5, 5, 5, 5, 5, 0, 0, 0, 7, 2, 2, 2, 2, 3, 3, 3, 3, 3, 3, 3, 3, 3, 3, 3, 3, 3, 3, 3, 3, 3, 3, 5, 5, 5, 5, 0, 4, 6, 6, 6, 
4, 0, 0, 0, 0, 0, 0, 0, 0, 0, 0, 5, 5, 5, 5, 5, 5, 5, 5, 5, 5, 5, 5, 5, 5, 5, 5, 5, 5, 5, 5, 4, 2, 2, 2, 2, 2, 0, 3, 3, 3, 3, 3, 3, 3, 3, 3, 3, 3, 3, 3, 3, 3, 3, 3, 5, 5, 5, 5, 0, 0, 4, 6, 6, 
4, 0, 0, 0, 0, 0, 0, 0, 0, 0, 0, 5, 5, 5, 5, 5, 5, 5, 5, 5, 5, 5, 5, 5, 5, 5, 5, 5, 5, 5, 5, 7, 2, 2, 2, 2, 2, 7, 3, 3, 3, 3, 3, 3, 3, 3, 3, 3, 3, 3, 3, 3, 3, 3, 3, 3, 5, 5, 5, 0, 0, 0, 4, 6, 
4, 0, 0, 0, 0, 0, 0, 0, 0, 0, 0, 0, 5, 5, 5, 5, 5, 5, 5, 5, 5, 5, 5, 5, 5, 5, 5, 5, 5, 5, 0, 2, 2, 2, 2, 2, 2, 2, 3, 3, 3, 3, 3, 3, 3, 3, 3, 3, 3, 3, 3, 3, 3, 3, 3, 3, 3, 5, 5, 5, 0, 0, 4, 6, 
7, 4, 4, 4, 4, 4, 4, 4, 4, 4, 0, 0, 0, 0, 0, 0, 0, 0, 0, 0, 0, 0, 0, 0, 0, 0, 0, 0, 0, 0, 7, 2, 2, 2, 2, 2, 2, 2, 7, 5, 5, 5, 5, 5, 5, 5, 5, 5, 5, 5, 5, 5, 5, 5, 5, 5, 5, 0, 0, 0, 4, 4, 4, 7, 
